0 info it worked if it ends with ok
1 verbose cli [ 'node',
1 verbose cli   '/Users/RebekahKwon/.node/bin/npm',
1 verbose cli   'install',
1 verbose cli   '-g',
1 verbose cli   'utils/parameter-validator' ]
2 info using npm@2.7.1
3 info using node@v0.12.0
4 verbose node symlink /usr/local/bin/node
5 silly cache add args [ 'utils/parameter-validator', null ]
6 verbose cache add spec utils/parameter-validator
7 silly cache add parsed spec { raw: 'utils/parameter-validator',
7 silly cache add   scope: null,
7 silly cache add   name: null,
7 silly cache add   rawSpec: 'utils/parameter-validator',
7 silly cache add   spec: 'utils/parameter-validator',
7 silly cache add   type: 'github' }
8 info maybeGithub Attempting utils/parameter-validator from git://github.com/utils/parameter-validator
9 verbose addRemoteGit git-github-com-utils-parameter-validator-75d9de95 not in flight; caching
10 info git [ 'clone',
10 info git   '--template=/Users/RebekahKwon/.npm/_git-remotes/_templates',
10 info git   '--mirror',
10 info git   'git://github.com/utils/parameter-validator',
10 info git   '/Users/RebekahKwon/.npm/_git-remotes/git-github-com-utils-parameter-validator-75d9de95' ]
11 error git clone --template=/Users/RebekahKwon/.npm/_git-remotes/_templates --mirror git://github.com/utils/parameter-validator /Users/RebekahKwon/.npm/_git-remotes/git-github-com-utils-parameter-validator-75d9de95
12 verbose git clone --template=/Users/RebekahKwon/.npm/_git-remotes/_templates --mirror git://github.com/utils/parameter-validator /Users/RebekahKwon/.npm/_git-remotes/git-github-com-utils-parameter-validator-75d9de95: Cloning into bare repository '/Users/RebekahKwon/.npm/_git-remotes/git-github-com-utils-parameter-validator-75d9de95'...
12 verbose git clone --template=/Users/RebekahKwon/.npm/_git-remotes/_templates --mirror git://github.com/utils/parameter-validator /Users/RebekahKwon/.npm/_git-remotes/git-github-com-utils-parameter-validator-75d9de95: fatal: remote error:
12 verbose git clone --template=/Users/RebekahKwon/.npm/_git-remotes/_templates --mirror git://github.com/utils/parameter-validator /Users/RebekahKwon/.npm/_git-remotes/git-github-com-utils-parameter-validator-75d9de95:   Repository not found.
13 info maybeGithub Attempting utils/parameter-validator from ssh://git@github.com:utils/parameter-validator
14 verbose addRemoteGit ssh-git-github-com-utils-parameter-validator-bcb781de not in flight; caching
15 info git [ 'clone',
15 info git   '--template=/Users/RebekahKwon/.npm/_git-remotes/_templates',
15 info git   '--mirror',
15 info git   'ssh://git@github.com/utils/parameter-validator',
15 info git   '/Users/RebekahKwon/.npm/_git-remotes/ssh-git-github-com-utils-parameter-validator-bcb781de' ]
16 error git clone --template=/Users/RebekahKwon/.npm/_git-remotes/_templates --mirror ssh://git@github.com/utils/parameter-validator /Users/RebekahKwon/.npm/_git-remotes/ssh-git-github-com-utils-parameter-validator-bcb781de
17 error git clone --template=/Users/RebekahKwon/.npm/_git-remotes/_templates --mirror ssh://git@github.com/utils/parameter-validator /Users/RebekahKwon/.npm/_git-remotes/ssh-git-github-com-utils-parameter-validator-bcb781de: Cloning into bare repository '/Users/RebekahKwon/.npm/_git-remotes/ssh-git-github-com-utils-parameter-validator-bcb781de'...
17 error git clone --template=/Users/RebekahKwon/.npm/_git-remotes/_templates --mirror ssh://git@github.com/utils/parameter-validator /Users/RebekahKwon/.npm/_git-remotes/ssh-git-github-com-utils-parameter-validator-bcb781de: ERROR: Repository not found.
17 error git clone --template=/Users/RebekahKwon/.npm/_git-remotes/_templates --mirror ssh://git@github.com/utils/parameter-validator /Users/RebekahKwon/.npm/_git-remotes/ssh-git-github-com-utils-parameter-validator-bcb781de: fatal: Could not read from remote repository.
17 error git clone --template=/Users/RebekahKwon/.npm/_git-remotes/_templates --mirror ssh://git@github.com/utils/parameter-validator /Users/RebekahKwon/.npm/_git-remotes/ssh-git-github-com-utils-parameter-validator-bcb781de:
17 error git clone --template=/Users/RebekahKwon/.npm/_git-remotes/_templates --mirror ssh://git@github.com/utils/parameter-validator /Users/RebekahKwon/.npm/_git-remotes/ssh-git-github-com-utils-parameter-validator-bcb781de: Please make sure you have the correct access rights
17 error git clone --template=/Users/RebekahKwon/.npm/_git-remotes/_templates --mirror ssh://git@github.com/utils/parameter-validator /Users/RebekahKwon/.npm/_git-remotes/ssh-git-github-com-utils-parameter-validator-bcb781de: and the repository exists.
18 verbose stack Error: Command failed: git clone --template=/Users/RebekahKwon/.npm/_git-remotes/_templates --mirror ssh://git@github.com/utils/parameter-validator /Users/RebekahKwon/.npm/_git-remotes/ssh-git-github-com-utils-parameter-validator-bcb781de
18 verbose stack Cloning into bare repository '/Users/RebekahKwon/.npm/_git-remotes/ssh-git-github-com-utils-parameter-validator-bcb781de'...
18 verbose stack ERROR: Repository not found.
18 verbose stack fatal: Could not read from remote repository.
18 verbose stack
18 verbose stack Please make sure you have the correct access rights
18 verbose stack and the repository exists.
18 verbose stack
18 verbose stack     at ChildProcess.exithandler (child_process.js:744:12)
18 verbose stack     at ChildProcess.emit (events.js:110:17)
18 verbose stack     at maybeClose (child_process.js:1008:16)
18 verbose stack     at Socket.<anonymous> (child_process.js:1176:11)
18 verbose stack     at Socket.emit (events.js:107:17)
18 verbose stack     at Pipe.close (net.js:476:12)
19 verbose cwd /Users/RebekahKwon/git/neglectedeggplant/server
20 error Darwin 14.1.0
21 error argv "node" "/Users/RebekahKwon/.node/bin/npm" "install" "-g" "utils/parameter-validator"
22 error node v0.12.0
23 error npm  v2.7.1
24 error code 128
25 error Command failed: git clone --template=/Users/RebekahKwon/.npm/_git-remotes/_templates --mirror ssh://git@github.com/utils/parameter-validator /Users/RebekahKwon/.npm/_git-remotes/ssh-git-github-com-utils-parameter-validator-bcb781de
25 error Cloning into bare repository '/Users/RebekahKwon/.npm/_git-remotes/ssh-git-github-com-utils-parameter-validator-bcb781de'...
25 error ERROR: Repository not found.
25 error fatal: Could not read from remote repository.
25 error
25 error Please make sure you have the correct access rights
25 error and the repository exists.
26 error If you need help, you may report this error at:
26 error     <https://github.com/npm/npm/issues>
27 verbose exit [ 1, true ]
